[0630/122432.439:ERROR:process_reader_win.cc(123)] NtOpenThread: {Acesso Negado} Um processo solicitou acesso a um objeto, mas o direito de acesso não lhe foi concedido. (0xc0000022)
[0630/122432.445:ERROR:exception_snapshot_win.cc(98)] thread ID 12308 not found in process
[0630/122432.546:ERROR:process_reader_win.cc(123)] NtOpenThread: {Acesso Negado} Um processo solicitou acesso a um objeto, mas o direito de acesso não lhe foi concedido. (0xc0000022)
[0630/122432.547:ERROR:exception_snapshot_win.cc(98)] thread ID 3364 not found in process
[0701/101321.559:ERROR:process_reader_win.cc(123)] NtOpenThread: {Acesso Negado} Um processo solicitou acesso a um objeto, mas o direito de acesso não lhe foi concedido. (0xc0000022)
[0701/101321.571:ERROR:exception_snapshot_win.cc(98)] thread ID 8464 not found in process
[0701/101321.595:ERROR:process_reader_win.cc(123)] NtOpenThread: {Acesso Negado} Um processo solicitou acesso a um objeto, mas o direito de acesso não lhe foi concedido. (0xc0000022)
[0701/101321.595:ERROR:exception_snapshot_win.cc(98)] thread ID 9744 not found in process
[0701/165222.359:ERROR:process_reader_win.cc(151)] SuspendThread: Acesso negado. (0x5)
[0701/165222.360:ERROR:process_reader_win.cc(151)] SuspendThread: Acesso negado. (0x5)
[0701/165222.360:ERROR:process_reader_win.cc(123)] NtOpenThread: {Acesso Negado} Um processo solicitou acesso a um objeto, mas o direito de acesso não lhe foi concedido. (0xc0000022)
[0701/165222.360:ERROR:exception_snapshot_win.cc(98)] thread ID 8888 not found in process
[0701/165222.419:ERROR:process_reader_win.cc(123)] NtOpenThread: {Acesso Negado} Um processo solicitou acesso a um objeto, mas o direito de acesso não lhe foi concedido. (0xc0000022)
[0701/165222.419:ERROR:exception_snapshot_win.cc(98)] thread ID 14464 not found in process
[0702/103559.307:ERROR:process_reader_win.cc(123)] NtOpenThread: {Acesso Negado} Um processo solicitou acesso a um objeto, mas o direito de acesso não lhe foi concedido. (0xc0000022)
[0702/103559.314:ERROR:exception_snapshot_win.cc(98)] thread ID 1424 not found in process
[0702/103559.341:ERROR:process_reader_win.cc(123)] NtOpenThread: {Acesso Negado} Um processo solicitou acesso a um objeto, mas o direito de acesso não lhe foi concedido. (0xc0000022)
[0702/103559.341:ERROR:exception_snapshot_win.cc(98)] thread ID 13628 not found in process
[0702/104203.818:ERROR:process_reader_win.cc(123)] NtOpenThread: {Acesso Negado} Um processo solicitou acesso a um objeto, mas o direito de acesso não lhe foi concedido. (0xc0000022)
[0702/104203.818:ERROR:exception_snapshot_win.cc(98)] thread ID 1480 not found in process
[0702/104203.862:ERROR:process_reader_win.cc(123)] NtOpenThread: {Acesso Negado} Um processo solicitou acesso a um objeto, mas o direito de acesso não lhe foi concedido. (0xc0000022)
[0702/104203.862:ERROR:exception_snapshot_win.cc(98)] thread ID 7364 not found in process
[0702/172838.453:ERROR:process_reader_win.cc(123)] NtOpenThread: {Acesso Negado} Um processo solicitou acesso a um objeto, mas o direito de acesso não lhe foi concedido. (0xc0000022)
[0702/172838.459:ERROR:exception_snapshot_win.cc(98)] thread ID 7668 not found in process
[0702/172838.525:ERROR:process_reader_win.cc(123)] NtOpenThread: {Acesso Negado} Um processo solicitou acesso a um objeto, mas o direito de acesso não lhe foi concedido. (0xc0000022)
[0702/172838.526:ERROR:exception_snapshot_win.cc(98)] thread ID 776 not found in process
[0702/184238.738:ERROR:process_reader_win.cc(123)] NtOpenThread: {Acesso Negado} Um processo solicitou acesso a um objeto, mas o direito de acesso não lhe foi concedido. (0xc0000022)
[0702/184238.738:ERROR:exception_snapshot_win.cc(98)] thread ID 5156 not found in process
[0702/184238.827:ERROR:process_reader_win.cc(123)] NtOpenThread: {Acesso Negado} Um processo solicitou acesso a um objeto, mas o direito de acesso não lhe foi concedido. (0xc0000022)
[0702/184238.827:ERROR:exception_snapshot_win.cc(98)] thread ID 11548 not found in process
[0702/185526.973:ERROR:process_reader_win.cc(123)] NtOpenThread: {Acesso Negado} Um processo solicitou acesso a um objeto, mas o direito de acesso não lhe foi concedido. (0xc0000022)
[0702/185526.973:ERROR:exception_snapshot_win.cc(98)] thread ID 13652 not found in process
[0702/185527.070:ERROR:process_reader_win.cc(123)] NtOpenThread: {Acesso Negado} Um processo solicitou acesso a um objeto, mas o direito de acesso não lhe foi concedido. (0xc0000022)
[0702/185527.070:ERROR:exception_snapshot_win.cc(98)] thread ID 13244 not found in process
[0702/190643.122:ERROR:process_reader_win.cc(151)] SuspendThread: Acesso negado. (0x5)
[0702/190643.123:ERROR:process_reader_win.cc(151)] SuspendThread: Acesso negado. (0x5)
[0702/190643.123:ERROR:process_reader_win.cc(123)] NtOpenThread: {Acesso Negado} Um processo solicitou acesso a um objeto, mas o direito de acesso não lhe foi concedido. (0xc0000022)
[0702/190643.123:ERROR:exception_snapshot_win.cc(98)] thread ID 15076 not found in process
[0702/190643.166:ERROR:process_reader_win.cc(123)] NtOpenThread: {Acesso Negado} Um processo solicitou acesso a um objeto, mas o direito de acesso não lhe foi concedido. (0xc0000022)
[0702/190643.166:ERROR:exception_snapshot_win.cc(98)] thread ID 15072 not found in process
[0702/192601.212:ERROR:process_reader_win.cc(123)] NtOpenThread: {Acesso Negado} Um processo solicitou acesso a um objeto, mas o direito de acesso não lhe foi concedido. (0xc0000022)
[0702/192601.213:ERROR:exception_snapshot_win.cc(98)] thread ID 8704 not found in process
[0702/192601.255:ERROR:process_reader_win.cc(123)] NtOpenThread: {Acesso Negado} Um processo solicitou acesso a um objeto, mas o direito de acesso não lhe foi concedido. (0xc0000022)
[0702/192601.255:ERROR:exception_snapshot_win.cc(98)] thread ID 7932 not found in process
[0703/170501.533:ERROR:process_reader_win.cc(123)] NtOpenThread: {Acesso Negado} Um processo solicitou acesso a um objeto, mas o direito de acesso não lhe foi concedido. (0xc0000022)
[0703/170501.533:ERROR:exception_snapshot_win.cc(98)] thread ID 13284 not found in process
[0703/170501.619:ERROR:process_reader_win.cc(123)] NtOpenThread: {Acesso Negado} Um processo solicitou acesso a um objeto, mas o direito de acesso não lhe foi concedido. (0xc0000022)
[0703/170501.619:ERROR:exception_snapshot_win.cc(98)] thread ID 14700 not found in process
[0704/174015.390:ERROR:process_reader_win.cc(123)] NtOpenThread: {Acesso Negado} Um processo solicitou acesso a um objeto, mas o direito de acesso não lhe foi concedido. (0xc0000022)
[0704/174015.390:ERROR:exception_snapshot_win.cc(98)] thread ID 3020 not found in process
[0704/174015.429:ERROR:process_reader_win.cc(123)] NtOpenThread: {Acesso Negado} Um processo solicitou acesso a um objeto, mas o direito de acesso não lhe foi concedido. (0xc0000022)
[0704/174015.429:ERROR:exception_snapshot_win.cc(98)] thread ID 12656 not found in process
[0704/174116.273:ERROR:process_reader_win.cc(123)] NtOpenThread: {Acesso Negado} Um processo solicitou acesso a um objeto, mas o direito de acesso não lhe foi concedido. (0xc0000022)
[0704/174116.273:ERROR:exception_snapshot_win.cc(98)] thread ID 13044 not found in process
[0704/174116.304:ERROR:process_reader_win.cc(123)] NtOpenThread: {Acesso Negado} Um processo solicitou acesso a um objeto, mas o direito de acesso não lhe foi concedido. (0xc0000022)
[0704/174116.304:ERROR:exception_snapshot_win.cc(98)] thread ID 13136 not found in process
[0704/181145.971:ERROR:process_reader_win.cc(151)] SuspendThread: Acesso negado. (0x5)
[0704/181145.971:ERROR:process_reader_win.cc(151)] SuspendThread: Acesso negado. (0x5)
[0704/181145.971:ERROR:process_reader_win.cc(123)] NtOpenThread: {Acesso Negado} Um processo solicitou acesso a um objeto, mas o direito de acesso não lhe foi concedido. (0xc0000022)
[0704/181145.971:ERROR:exception_snapshot_win.cc(98)] thread ID 7636 not found in process
[0704/181146.055:ERROR:process_reader_win.cc(123)] NtOpenThread: {Acesso Negado} Um processo solicitou acesso a um objeto, mas o direito de acesso não lhe foi concedido. (0xc0000022)
[0704/181146.055:ERROR:exception_snapshot_win.cc(98)] thread ID 11936 not found in process
[0706/183556.884:ERROR:process_reader_win.cc(151)] SuspendThread: Acesso negado. (0x5)
[0706/183556.890:ERROR:process_reader_win.cc(151)] SuspendThread: Acesso negado. (0x5)
[0706/183556.890:ERROR:process_reader_win.cc(123)] NtOpenThread: {Acesso Negado} Um processo solicitou acesso a um objeto, mas o direito de acesso não lhe foi concedido. (0xc0000022)
[0706/183556.891:ERROR:exception_snapshot_win.cc(98)] thread ID 11024 not found in process
[0706/183556.919:ERROR:process_reader_win.cc(123)] NtOpenThread: {Acesso Negado} Um processo solicitou acesso a um objeto, mas o direito de acesso não lhe foi concedido. (0xc0000022)
[0706/183556.919:ERROR:exception_snapshot_win.cc(98)] thread ID 1420 not found in process
[0706/183557.004:ERROR:process_reader_win.cc(123)] NtOpenThread: {Acesso Negado} Um processo solicitou acesso a um objeto, mas o direito de acesso não lhe foi concedido. (0xc0000022)
[0706/183557.004:ERROR:exception_snapshot_win.cc(98)] thread ID 12952 not found in process
[0708/164042.139:ERROR:process_reader_win.cc(123)] NtOpenThread: {Acesso Negado} Um processo solicitou acesso a um objeto, mas o direito de acesso não lhe foi concedido. (0xc0000022)
[0708/164042.139:ERROR:exception_snapshot_win.cc(98)] thread ID 8276 not found in process
[0708/164042.219:ERROR:process_reader_win.cc(123)] NtOpenThread: {Acesso Negado} Um processo solicitou acesso a um objeto, mas o direito de acesso não lhe foi concedido. (0xc0000022)
[0708/164042.219:ERROR:exception_snapshot_win.cc(98)] thread ID 1828 not found in process
[0708/164042.269:ERROR:process_reader_win.cc(123)] NtOpenThread: {Acesso Negado} Um processo solicitou acesso a um objeto, mas o direito de acesso não lhe foi concedido. (0xc0000022)
[0708/164042.269:ERROR:exception_snapshot_win.cc(98)] thread ID 13468 not found in process
[0708/164201.378:ERROR:process_reader_win.cc(123)] NtOpenThread: {Acesso Negado} Um processo solicitou acesso a um objeto, mas o direito de acesso não lhe foi concedido. (0xc0000022)
[0708/164201.378:ERROR:exception_snapshot_win.cc(98)] thread ID 11940 not found in process
[0708/164201.383:ERROR:process_reader_win.cc(123)] NtOpenThread: {Acesso Negado} Um processo solicitou acesso a um objeto, mas o direito de acesso não lhe foi concedido. (0xc0000022)
[0708/164201.383:ERROR:exception_snapshot_win.cc(98)] thread ID 1728 not found in process
[0710/175637.074:ERROR:process_reader_win.cc(123)] NtOpenThread: {Acesso Negado} Um processo solicitou acesso a um objeto, mas o direito de acesso não lhe foi concedido. (0xc0000022)
[0710/175637.075:ERROR:exception_snapshot_win.cc(98)] thread ID 9288 not found in process
[0710/175637.079:ERROR:process_reader_win.cc(123)] NtOpenThread: {Acesso Negado} Um processo solicitou acesso a um objeto, mas o direito de acesso não lhe foi concedido. (0xc0000022)
[0710/175637.079:ERROR:exception_snapshot_win.cc(98)] thread ID 15884 not found in process
[0710/175821.963:ERROR:process_reader_win.cc(123)] NtOpenThread: {Acesso Negado} Um processo solicitou acesso a um objeto, mas o direito de acesso não lhe foi concedido. (0xc0000022)
[0710/175821.964:ERROR:exception_snapshot_win.cc(98)] thread ID 16100 not found in process
[0710/175822.037:ERROR:process_reader_win.cc(123)] NtOpenThread: {Acesso Negado} Um processo solicitou acesso a um objeto, mas o direito de acesso não lhe foi concedido. (0xc0000022)
[0710/175822.037:ERROR:exception_snapshot_win.cc(98)] thread ID 15444 not found in process
[0710/180211.019:ERROR:process_reader_win.cc(123)] NtOpenThread: {Acesso Negado} Um processo solicitou acesso a um objeto, mas o direito de acesso não lhe foi concedido. (0xc0000022)
[0710/180211.019:ERROR:exception_snapshot_win.cc(98)] thread ID 15840 not found in process
[0710/180211.103:ERROR:process_reader_win.cc(123)] NtOpenThread: {Acesso Negado} Um processo solicitou acesso a um objeto, mas o direito de acesso não lhe foi concedido. (0xc0000022)
[0710/180211.103:ERROR:exception_snapshot_win.cc(98)] thread ID 8984 not found in process
[0710/180211.165:ERROR:process_reader_win.cc(123)] NtOpenThread: {Acesso Negado} Um processo solicitou acesso a um objeto, mas o direito de acesso não lhe foi concedido. (0xc0000022)
[0710/180211.165:ERROR:exception_snapshot_win.cc(98)] thread ID 15352 not found in process
[0710/180954.337:ERROR:process_reader_win.cc(151)] SuspendThread: Acesso negado. (0x5)
[0710/180954.338:ERROR:process_reader_win.cc(151)] SuspendThread: Acesso negado. (0x5)
[0710/180954.338:ERROR:process_reader_win.cc(123)] NtOpenThread: {Acesso Negado} Um processo solicitou acesso a um objeto, mas o direito de acesso não lhe foi concedido. (0xc0000022)
[0710/180954.338:ERROR:exception_snapshot_win.cc(98)] thread ID 12784 not found in process
[0710/180954.392:ERROR:process_reader_win.cc(123)] NtOpenThread: {Acesso Negado} Um processo solicitou acesso a um objeto, mas o direito de acesso não lhe foi concedido. (0xc0000022)
[0710/180954.392:ERROR:exception_snapshot_win.cc(98)] thread ID 12748 not found in process
[0710/181036.670:ERROR:process_reader_win.cc(123)] NtOpenThread: {Acesso Negado} Um processo solicitou acesso a um objeto, mas o direito de acesso não lhe foi concedido. (0xc0000022)
[0710/181036.670:ERROR:exception_snapshot_win.cc(98)] thread ID 9448 not found in process
[0710/181036.677:ERROR:process_reader_win.cc(123)] NtOpenThread: {Acesso Negado} Um processo solicitou acesso a um objeto, mas o direito de acesso não lhe foi concedido. (0xc0000022)
[0710/181036.677:ERROR:exception_snapshot_win.cc(98)] thread ID 4948 not found in process
[0710/181152.712:ERROR:process_reader_win.cc(123)] NtOpenThread: {Acesso Negado} Um processo solicitou acesso a um objeto, mas o direito de acesso não lhe foi concedido. (0xc0000022)
[0710/181152.713:ERROR:exception_snapshot_win.cc(98)] thread ID 5092 not found in process
[0710/181152.803:ERROR:process_reader_win.cc(123)] NtOpenThread: {Acesso Negado} Um processo solicitou acesso a um objeto, mas o direito de acesso não lhe foi concedido. (0xc0000022)
[0710/181152.803:ERROR:exception_snapshot_win.cc(98)] thread ID 1772 not found in process
[0710/181228.172:ERROR:process_reader_win.cc(123)] NtOpenThread: {Acesso Negado} Um processo solicitou acesso a um objeto, mas o direito de acesso não lhe foi concedido. (0xc0000022)
[0710/181228.172:ERROR:exception_snapshot_win.cc(98)] thread ID 8484 not found in process
[0710/181228.188:ERROR:process_info.cc(329)] VirtualQueryEx: Acesso negado. (0x5)
[0710/181228.188:ERROR:process_info.cc(556)] ReadMemoryInfo failed
[0710/181228.188:ERROR:process_memory_win.cc(39)] Failed to initialize ProcessInfo.
[0710/181228.188:ERROR:scoped_process_suspend.cc(40)] NtResumeProcess: Tentou-se acessar um processo de saída. (0xc000010a)
[0710/181339.053:ERROR:process_reader_win.cc(123)] NtOpenThread: {Acesso Negado} Um processo solicitou acesso a um objeto, mas o direito de acesso não lhe foi concedido. (0xc0000022)
[0710/181339.054:ERROR:exception_snapshot_win.cc(98)] thread ID 4776 not found in process
[0710/181339.126:ERROR:process_reader_win.cc(123)] NtOpenThread: {Acesso Negado} Um processo solicitou acesso a um objeto, mas o direito de acesso não lhe foi concedido. (0xc0000022)
[0710/181339.126:ERROR:exception_snapshot_win.cc(98)] thread ID 6228 not found in process
[0710/181729.191:ERROR:process_reader_win.cc(123)] NtOpenThread: {Acesso Negado} Um processo solicitou acesso a um objeto, mas o direito de acesso não lhe foi concedido. (0xc0000022)
[0710/181729.192:ERROR:exception_snapshot_win.cc(98)] thread ID 5404 not found in process
[0710/181729.287:ERROR:process_reader_win.cc(123)] NtOpenThread: {Acesso Negado} Um processo solicitou acesso a um objeto, mas o direito de acesso não lhe foi concedido. (0xc0000022)
[0710/181729.287:ERROR:exception_snapshot_win.cc(98)] thread ID 7552 not found in process
[0710/181825.018:ERROR:process_reader_win.cc(123)] NtOpenThread: {Acesso Negado} Um processo solicitou acesso a um objeto, mas o direito de acesso não lhe foi concedido. (0xc0000022)
[0710/181825.019:ERROR:exception_snapshot_win.cc(98)] thread ID 6836 not found in process
[0710/181825.170:ERROR:process_reader_win.cc(123)] NtOpenThread: {Acesso Negado} Um processo solicitou acesso a um objeto, mas o direito de acesso não lhe foi concedido. (0xc0000022)
[0710/181825.170:ERROR:exception_snapshot_win.cc(98)] thread ID 12132 not found in process
[0710/181935.663:ERROR:process_reader_win.cc(123)] NtOpenThread: {Acesso Negado} Um processo solicitou acesso a um objeto, mas o direito de acesso não lhe foi concedido. (0xc0000022)
[0710/181935.664:ERROR:exception_snapshot_win.cc(98)] thread ID 7060 not found in process
[0710/181935.731:ERROR:process_reader_win.cc(123)] NtOpenThread: {Acesso Negado} Um processo solicitou acesso a um objeto, mas o direito de acesso não lhe foi concedido. (0xc0000022)
[0710/181935.731:ERROR:exception_snapshot_win.cc(98)] thread ID 13208 not found in process
[0710/182357.762:ERROR:process_reader_win.cc(123)] NtOpenThread: {Acesso Negado} Um processo solicitou acesso a um objeto, mas o direito de acesso não lhe foi concedido. (0xc0000022)
[0710/182357.762:ERROR:exception_snapshot_win.cc(98)] thread ID 10092 not found in process
[0710/182357.861:ERROR:process_reader_win.cc(123)] NtOpenThread: {Acesso Negado} Um processo solicitou acesso a um objeto, mas o direito de acesso não lhe foi concedido. (0xc0000022)
[0710/182357.862:ERROR:exception_snapshot_win.cc(98)] thread ID 5080 not found in process
[0710/182538.942:ERROR:process_reader_win.cc(123)] NtOpenThread: {Acesso Negado} Um processo solicitou acesso a um objeto, mas o direito de acesso não lhe foi concedido. (0xc0000022)
[0710/182538.942:ERROR:exception_snapshot_win.cc(98)] thread ID 3128 not found in process
[0710/182539.068:ERROR:process_reader_win.cc(123)] NtOpenThread: {Acesso Negado} Um processo solicitou acesso a um objeto, mas o direito de acesso não lhe foi concedido. (0xc0000022)
[0710/182539.068:ERROR:exception_snapshot_win.cc(98)] thread ID 15012 not found in process
[0710/182933.108:ERROR:process_reader_win.cc(123)] NtOpenThread: {Acesso Negado} Um processo solicitou acesso a um objeto, mas o direito de acesso não lhe foi concedido. (0xc0000022)
[0710/182933.109:ERROR:exception_snapshot_win.cc(98)] thread ID 1948 not found in process
[0710/182933.212:ERROR:process_reader_win.cc(123)] NtOpenThread: {Acesso Negado} Um processo solicitou acesso a um objeto, mas o direito de acesso não lhe foi concedido. (0xc0000022)
[0710/182933.212:ERROR:exception_snapshot_win.cc(98)] thread ID 2416 not found in process
[0711/134010.976:ERROR:process_reader_win.cc(123)] NtOpenThread: {Acesso Negado} Um processo solicitou acesso a um objeto, mas o direito de acesso não lhe foi concedido. (0xc0000022)
[0711/134010.982:ERROR:exception_snapshot_win.cc(98)] thread ID 9064 not found in process
[0711/134011.146:ERROR:process_reader_win.cc(123)] NtOpenThread: {Acesso Negado} Um processo solicitou acesso a um objeto, mas o direito de acesso não lhe foi concedido. (0xc0000022)
[0711/134011.147:ERROR:exception_snapshot_win.cc(98)] thread ID 572 not found in process
[0711/142929.276:ERROR:process_reader_win.cc(151)] SuspendThread: Acesso negado. (0x5)
[0711/142929.276:ERROR:process_reader_win.cc(151)] SuspendThread: Acesso negado. (0x5)
[0711/142929.276:ERROR:process_reader_win.cc(123)] NtOpenThread: {Acesso Negado} Um processo solicitou acesso a um objeto, mas o direito de acesso não lhe foi concedido. (0xc0000022)
[0711/142929.277:ERROR:exception_snapshot_win.cc(98)] thread ID 13728 not found in process
[0711/142929.409:ERROR:process_reader_win.cc(123)] NtOpenThread: {Acesso Negado} Um processo solicitou acesso a um objeto, mas o direito de acesso não lhe foi concedido. (0xc0000022)
[0711/142929.409:ERROR:exception_snapshot_win.cc(98)] thread ID 8372 not found in process
[0711/143244.883:ERROR:process_reader_win.cc(123)] NtOpenThread: {Acesso Negado} Um processo solicitou acesso a um objeto, mas o direito de acesso não lhe foi concedido. (0xc0000022)
[0711/143244.883:ERROR:exception_snapshot_win.cc(98)] thread ID 2864 not found in process
[0711/143245.001:ERROR:process_reader_win.cc(123)] NtOpenThread: {Acesso Negado} Um processo solicitou acesso a um objeto, mas o direito de acesso não lhe foi concedido. (0xc0000022)
[0711/143245.001:ERROR:exception_snapshot_win.cc(98)] thread ID 13796 not found in process
[0714/202022.490:ERROR:process_reader_win.cc(123)] NtOpenThread: {Acesso Negado} Um processo solicitou acesso a um objeto, mas o direito de acesso não lhe foi concedido. (0xc0000022)
[0714/202022.553:ERROR:exception_snapshot_win.cc(98)] thread ID 7620 not found in process
[0714/202022.596:ERROR:process_reader_win.cc(123)] NtOpenThread: {Acesso Negado} Um processo solicitou acesso a um objeto, mas o direito de acesso não lhe foi concedido. (0xc0000022)
[0714/202022.596:ERROR:exception_snapshot_win.cc(98)] thread ID 3160 not found in process
[0720/194118.167:ERROR:process_reader_win.cc(123)] NtOpenThread: {Acesso Negado} Um processo solicitou acesso a um objeto, mas o direito de acesso não lhe foi concedido. (0xc0000022)
[0720/194118.178:ERROR:exception_snapshot_win.cc(98)] thread ID 3204 not found in process
[0720/194118.260:ERROR:process_reader_win.cc(123)] NtOpenThread: {Acesso Negado} Um processo solicitou acesso a um objeto, mas o direito de acesso não lhe foi concedido. (0xc0000022)
[0720/194118.260:ERROR:exception_snapshot_win.cc(98)] thread ID 10536 not found in process
[0722/201853.687:ERROR:process_reader_win.cc(123)] NtOpenThread: {Acesso Negado} Um processo solicitou acesso a um objeto, mas o direito de acesso não lhe foi concedido. (0xc0000022)
[0722/201853.693:ERROR:exception_snapshot_win.cc(98)] thread ID 15736 not found in process
[0722/201853.732:ERROR:process_reader_win.cc(123)] NtOpenThread: {Acesso Negado} Um processo solicitou acesso a um objeto, mas o direito de acesso não lhe foi concedido. (0xc0000022)
[0722/201853.732:ERROR:exception_snapshot_win.cc(98)] thread ID 15672 not found in process
